<?xml version="1.0" encoding="UTF-8"?>
<testsuite xmlns:xsi="http://www.w3.org/2001/XMLSchema-instance" xsi:noNamespaceSchemaLocation="https://maven.apache.org/surefire/maven-surefire-plugin/xsd/surefire-test-report-3.0.xsd" version="3.0" name="test1roz.zad1.services.ShapeServiceTest" time="0.88" tests="10" errors="0" skipped="0" failures="0">
  <properties>
[...]
</properties>
  <testcase name="shouldThrowWhenExportingNullList" classname="test1roz.zad1.services.ShapeServiceTest" time="0.643"/>
  <testcase name="shouldExportAndImportShapes" classname="test1roz.zad1.services.ShapeServiceTest" time="0.131"/>
  <testcase name="shouldReturnShapeWithLargestPerimeterOfType" classname="test1roz.zad1.services.ShapeServiceTest" time="0.003"/>
  <testcase name="shouldThrowWhenListContainsNullInFindLargestPerimeter" classname="test1roz.zad1.services.ShapeServiceTest" time="0.001"/>
  <testcase name="shouldReturnShapeWithLargestArea" classname="test1roz.zad1.services.ShapeServiceTest" time="0.001"/>
  <testcase name="shouldThrowWhenPerimeterIsZero" classname="test1roz.zad1.services.ShapeServiceTest" time="0.002"/>
  <testcase name="shouldThrowWhenNoShapeOfGivenType" classname="test1roz.zad1.services.ShapeServiceTest" time="0.001"/>
  <testcase name="shouldThrowWhenListIsNullInFindLargestArea" classname="test1roz.zad1.services.ShapeServiceTest" time="0.001"/>
  <testcase name="shouldThrowWhenAreaIsZero" classname="test1roz.zad1.services.ShapeServiceTest" time="0.003"/>
  <testcase name="shouldThrowWhenImportFileDoesNotExist" classname="test1roz.zad1.services.ShapeServiceTest" time="0.002"/>
</testsuite>